2025-08-02 11:18:06,438 - INFO - 程序启动，开始多线程监控多个推特账号...
2025-08-02 11:18:06,441 - INFO - 关键词: ['TGE', 'Cryptopedia', 'Giveaway', '打新', 'OKX', '活动', '直通车', '白名单']
2025-08-02 11:18:06,441 - INFO - 推特用户: ['OKXWallet_CN', '0xbaoan']
2025-08-02 11:18:06,441 - INFO - Nitter 实例: ['https://nitter.poast.org/']
2025-08-02 11:18:09,686 - INFO - 正在尝试从 https://nitter.poast.org//OKXWallet_CN 获取推文...
2025-08-02 11:18:09,693 - INFO - 正在尝试从 https://nitter.poast.org//0xbaoan 获取推文...
2025-08-02 11:18:16,282 - INFO - OKXWallet_CN 最新推文 ID: /OKXWallet_CN/status/1950401416000098537#m
2025-08-02 11:18:16,283 - INFO - OKXWallet_CN 发布了新推文: 冲狗每笔交易都要点确认？我们来帮你提速！

🔥OKX DEX Web 端支持【自动确认】功能，开启交易一路绿灯！

👉 ...
2025-08-02 11:18:16,762 - INFO - 0xbaoan 最新推文 ID: /0xbaoan/status/1900364887295221801#m
2025-08-02 11:18:16,763 - INFO - 0xbaoan 发布了新推文: x.com/i/article/190032898484…...
2025-08-02 11:18:16,763 - INFO - 0xbaoan 新推文未命中关键词，跳过。
2025-08-02 11:18:16,763 - INFO - 处于普通时段，5分钟后检查。
2025-08-02 11:18:17,403 - INFO - Telegram 消息发送成功。
2025-08-02 11:18:17,596 - INFO - 企业微信消息发送成功。
2025-08-02 11:18:17,597 - INFO - 处于普通时段，5分钟后检查。
2025-08-02 11:18:30,853 - INFO - 程序被手动中断，正在退出...
2025-08-02 12:19:31,001 - INFO - 程序启动，开始多线程监控多个推特账号...
2025-08-02 12:19:31,009 - INFO - 关键词: ['TGE', 'Cryptopedia', 'Giveaway', '打新', 'OKX', '活动', '直通车', '白名单']
2025-08-02 12:19:31,010 - INFO - 推特用户: ['OKXWallet_CN', '0xbaoan']
2025-08-02 12:19:31,010 - INFO - Nitter 实例: ['https://nitter.poast.org/']
2025-08-02 12:19:38,699 - INFO - 正在尝试从 https://nitter.poast.org//OKXWallet_CN 获取推文...
2025-08-02 12:19:38,707 - INFO - 正在尝试从 https://nitter.poast.org//0xbaoan 获取推文...
2025-08-02 12:19:45,263 - INFO - 0xbaoan 最新推文 ID: /0xbaoan/status/1900364887295221801#m
2025-08-02 12:19:45,263 - INFO - 0xbaoan 发布了新推文: x.com/i/article/190032898484…...
2025-08-02 12:19:45,263 - INFO - 0xbaoan 新推文未命中关键词，跳过。
2025-08-02 12:19:45,736 - INFO - OKXWallet_CN 最新推文 ID: /OKXWallet_CN/status/1950401416000098537#m
2025-08-02 12:19:45,737 - INFO - OKXWallet_CN 发布了新推文: 冲狗每笔交易都要点确认？我们来帮你提速！

🔥OKX DEX Web 端支持【自动确认】功能，开启交易一路绿灯！

👉 ...
2025-08-02 12:19:46,926 - INFO - Telegram 消息发送成功。
2025-08-02 12:19:47,107 - INFO - 企业微信消息发送成功。
2025-08-02 12:19:53,921 - INFO - 程序被手动中断，正在退出...
